<?xml version="1.0" encoding="UTF-8"?>
<!-- Generated by org.testng.reporters.JUnitXMLReporter -->
<testsuite ignored="4" hostname="DESKTOP-T5IFU01" failures="0" tests="5" name="Regression Test" time="31.616" errors="0" timestamp="2021-04-17T12:56:08 EET">
  <testcase classname="tests.RegistrationTest" name="userRegistartion" time="9.721"/>
  <testcase classname="tests.RegistrationTest" name="userSignout" time="2.672"/>
  <testcase classname="tests.LoginTest" name="userCanLogin" time="1.923"/>
  <testcase classname="tests.LoginTest" name="userReturnHome" time="2.699"/>
  <testcase classname="tests.CheckoutTest" name="userCheckout" time="13.779"/>
  <testcase classname="tests.TestBase" name="@BeforeSuite startDriver" time="0.0">
    <ignored/>
  </testcase> <!-- @BeforeSuite startDriver -->
  <testcase classname="tests.TestBase" name="@BeforeSuite startDriver" time="0.0">
    <ignored/>
  </testcase> <!-- @BeforeSuite startDriver -->
  <testcase classname="tests.TestBase" name="@AfterSuite stopDriver" time="0.0">
    <ignored/>
  </testcase> <!-- @AfterSuite stopDriver -->
  <testcase classname="tests.TestBase" name="@AfterSuite stopDriver" time="0.0">
    <ignored/>
  </testcase> <!-- @AfterSuite stopDriver -->
</testsuite> <!-- Regression Test -->
