<?xml version="1.0" encoding="UTF-8"?>
<testng-results ignored="4" total="9" passed="5" failed="0" skipped="0">
  <reporter-output>
  </reporter-output>
  <suite started-at="2021-04-17T12:55:37 EET" name="Web commerce Regression suite" finished-at="2021-04-17T12:56:08 EET" duration-ms="31616">
    <groups>
    </groups>
    <test started-at="2021-04-17T12:55:37 EET" name="Regression Test" finished-at="2021-04-17T12:56:08 EET" duration-ms="31616">
      <class name="tests.LoginTest">
        <test-method signature="userCanLogin(java.lang.String,java.lang.String)[pri:1, instance:tests.LoginTest@39549f33]" started-at="2021-04-17T12:55:50 EET" name="userCanLogin" data-provider="ExcelData" finished-at="2021-04-17T12:55:52 EET" duration-ms="1923" status="PASS">
          <params>
            <param index="0">
              <value>
                <![CDATA[test@test70.com]]>
              </value>
            </param>
            <param index="1">
              <value>
                <![CDATA[testabc]]>
              </value>
            </param>
          </params>
          <reporter-output>
          </reporter-output>
        </test-method> <!-- userCanLogin -->
        <test-method signature="userReturnHome()[pri:2, instance:tests.LoginTest@39549f33]" started-at="2021-04-17T12:55:52 EET" name="userReturnHome" finished-at="2021-04-17T12:55:54 EET" duration-ms="2699" status="PASS">
          <reporter-output>
          </reporter-output>
        </test-method> <!-- userReturnHome -->
      </class> <!-- tests.LoginTest -->
      <class name="tests.RegistrationTest">
        <test-method is-config="true" signature="startDriver()[pri:0, instance:tests.RegistrationTest@27960b1e]" started-at="2021-04-17T12:55:29 EET" name="startDriver" finished-at="2021-04-17T12:55:37 EET" duration-ms="8044" status="PASS">
          <reporter-output>
          </reporter-output>
        </test-method> <!-- startDriver -->
        <test-method signature="userRegistartion()[pri:1, instance:tests.RegistrationTest@27960b1e]" started-at="2021-04-17T12:55:37 EET" name="userRegistartion" finished-at="2021-04-17T12:55:46 EET" duration-ms="9721" status="PASS">
          <reporter-output>
          </reporter-output>
        </test-method> <!-- userRegistartion -->
        <test-method signature="userSignout()[pri:2, instance:tests.RegistrationTest@27960b1e]" started-at="2021-04-17T12:55:46 EET" name="userSignout" finished-at="2021-04-17T12:55:49 EET" duration-ms="2672" status="PASS">
          <reporter-output>
          </reporter-output>
        </test-method> <!-- userSignout -->
        <test-method is-config="true" signature="stopDriver()[pri:0, instance:tests.RegistrationTest@27960b1e]" started-at="2021-04-17T12:56:08 EET" name="stopDriver" finished-at="2021-04-17T12:56:09 EET" duration-ms="671" status="PASS">
          <reporter-output>
          </reporter-output>
        </test-method> <!-- stopDriver -->
      </class> <!-- tests.RegistrationTest -->
      <class name="tests.CheckoutTest">
        <test-method signature="userCheckout()[pri:0, instance:tests.CheckoutTest@dbddbe3]" started-at="2021-04-17T12:55:54 EET" name="userCheckout" finished-at="2021-04-17T12:56:08 EET" duration-ms="13779" status="PASS">
          <reporter-output>
          </reporter-output>
        </test-method> <!-- userCheckout -->
      </class> <!-- tests.CheckoutTest -->
    </test> <!-- Regression Test -->
  </suite> <!-- Web commerce Regression suite -->
</testng-results>
